POI_Restaurants/automotive/build/intermediates/manifest_merge_blame_file/debug/processDebugMainManifest/manifest-merger-blame-debug-report.txt
1<?xml version="1.0" encoding="utf-8"?>
2<manifest xmlns:android="http://schemas.android.com/apk/res/android"
3    package="com.randstad.poi_restaurants"
4    android:versionCode="1"
5    android:versionName="1.0" >
6
7    <uses-sdk
8        android:minSdkVersion="29"
9        android:targetSdkVersion="34" />
10
11    <uses-feature
11-->src\main\AndroidManifest.xml:4:5-6:35
12        android:name="android.hardware.type.automotive"
12-->src\main\AndroidManifest.xml:5:9-56
13        android:required="true" />
13-->src\main\AndroidManifest.xml:6:9-32
14    <uses-feature
14-->src\main\AndroidManifest.xml:8:5-10:35
15        android:name="android.software.car.templates_host"
15-->src\main\AndroidManifest.xml:9:9-59
16        android:required="true" />
16-->src\main\AndroidManifest.xml:10:9-32
17    <uses-feature
17-->src\main\AndroidManifest.xml:12:5-14:36
18        android:name="android.hardware.wifi"
18-->src\main\AndroidManifest.xml:13:9-45
19        android:required="false" />
19-->src\main\AndroidManifest.xml:14:9-33
20    <uses-feature
20-->src\main\AndroidManifest.xml:16:5-18:36
21        android:name="android.hardware.screen.portrait"
21-->src\main\AndroidManifest.xml:17:9-56
22        android:required="false" />
22-->src\main\AndroidManifest.xml:18:9-33
23    <uses-feature
23-->src\main\AndroidManifest.xml:20:5-22:36
24        android:name="android.hardware.screen.landscape"
24-->src\main\AndroidManifest.xml:21:9-57
25        android:required="false" />
25-->src\main\AndroidManifest.xml:22:9-33
26    <uses-feature
26-->src\main\AndroidManifest.xml:24:5-26:36
27        android:name="android.hardware.camera"
27-->src\main\AndroidManifest.xml:25:9-47
28        android:required="false" />
28-->src\main\AndroidManifest.xml:26:9-33
29
30    <uses-permission android:name="androidx.car.app.MAP_TEMPLATES" />
30-->src\main\AndroidManifest.xml:28:5-70
30-->src\main\AndroidManifest.xml:28:22-67
31
32    <queries>
32-->[androidx.car.app:app-automotive:1.7.0-alpha02] AndroidManifest.xml:23:5-27:15
33        <intent>
33-->[androidx.car.app:app-automotive:1.7.0-alpha02] AndroidManifest.xml:24:9-26:18
34            <action android:name="android.car.template.host.RendererService" />
34-->[androidx.car.app:app-automotive:1.7.0-alpha02] AndroidManifest.xml:25:13-80
34-->[androidx.car.app:app-automotive:1.7.0-alpha02] AndroidManifest.xml:25:21-77
35        </intent>
36
37        <provider
37-->[androidx.car.app:app:1.7.0-alpha02] AndroidManifest.xml:24:9-27:43
38            android:name="androidx.car.app.connection.provider"
38-->[androidx.car.app:app:1.7.0-alpha02] AndroidManifest.xml:25:13-64
39            android:authorities="androidx.car.app.connection" />
39-->[androidx.car.app:app:1.7.0-alpha02] AndroidManifest.xml:26:13-62
40    </queries>
41
42    <permission
42-->[androidx.core:core:1.10.1] AndroidManifest.xml:22:5-24:47
43        android:name="com.randstad.poi_restaurants.DYNAMIC_RECEIVER_NOT_EXPORTED_PERMISSION"
43-->[androidx.core:core:1.10.1] AndroidManifest.xml:23:9-81
44        android:protectionLevel="signature" />
44-->[androidx.core:core:1.10.1] AndroidManifest.xml:24:9-44
45
46    <uses-permission android:name="com.randstad.poi_restaurants.DYNAMIC_RECEIVER_NOT_EXPORTED_PERMISSION" />
46-->[androidx.core:core:1.10.1] AndroidManifest.xml:26:5-97
46-->[androidx.core:core:1.10.1] AndroidManifest.xml:26:22-94
47
48    <application
48-->src\main\AndroidManifest.xml:30:5-72:15
49        android:allowBackup="true"
49-->src\main\AndroidManifest.xml:31:9-35
50        android:appCategory="audio"
50-->src\main\AndroidManifest.xml:32:9-36
51        android:appComponentFactory="androidx.core.app.CoreComponentFactory"
51-->[androidx.core:core:1.10.1] AndroidManifest.xml:28:18-86
52        android:debuggable="true"
53        android:extractNativeLibs="false"
54        android:icon="@mipmap/ic_launcher"
54-->src\main\AndroidManifest.xml:33:9-43
55        android:label="@string/app_name"
55-->src\main\AndroidManifest.xml:34:9-41
56        android:roundIcon="@mipmap/ic_launcher_round"
56-->src\main\AndroidManifest.xml:35:9-54
57        android:supportsRtl="true"
57-->src\main\AndroidManifest.xml:36:9-35
58        android:testOnly="true"
59        android:theme="@style/Theme.POI_Restaurants" >
59-->src\main\AndroidManifest.xml:37:9-53
60        <meta-data
60-->src\main\AndroidManifest.xml:39:5-41:51
61            android:name="com.google.android.gms.car.application"
61-->src\main\AndroidManifest.xml:40:9-62
62            android:resource="@xml/android_app_desc" />
62-->src\main\AndroidManifest.xml:41:9-49
63        <meta-data
63-->src\main\AndroidManifest.xml:43:5-45:28
64            android:name="androidx.car.app.minCarApiLevel"
64-->src\main\AndroidManifest.xml:44:9-55
65            android:value="1" />
65-->src\main\AndroidManifest.xml:45:9-26
66
67        <service
67-->src\main\AndroidManifest.xml:46:5-54:15
68            android:name="com.randstad.poi_restaurants.POIService"
68-->src\main\AndroidManifest.xml:47:9-35
69            android:exported="true" >
69-->src\main\AndroidManifest.xml:48:9-32
70            <intent-filter>
70-->src\main\AndroidManifest.xml:50:9-53:25
71                <action android:name="androidx.car.app.CarAppService" />
71-->src\main\AndroidManifest.xml:51:13-68
71-->src\main\AndroidManifest.xml:51:21-66
72
73                <category android:name="androidx.car.app.category.POI" />
73-->src\main\AndroidManifest.xml:52:13-69
73-->src\main\AndroidManifest.xml:52:23-67
74            </intent-filter>
75        </service>
76
77        <activity
77-->src\main\AndroidManifest.xml:56:5-71:16
78            android:name="androidx.car.app.activity.CarAppActivity"
78-->src\main\AndroidManifest.xml:57:9-64
79            android:exported="true"
79-->src\main\AndroidManifest.xml:58:9-32
80            android:launchMode="singleTask"
80-->src\main\AndroidManifest.xml:59:9-40
81            android:theme="@android:style/Theme.DeviceDefault.Light.DarkActionBar" >
81-->src\main\AndroidManifest.xml:60:9-79
82            <intent-filter>
82-->src\main\AndroidManifest.xml:62:9-65:25
83                <action android:name="android.intent.action.MAIN" />
83-->src\main\AndroidManifest.xml:63:13-65
83-->src\main\AndroidManifest.xml:63:21-62
84
85                <category android:name="android.intent.category.LAUNCHER" />
85-->src\main\AndroidManifest.xml:64:13-73
85-->src\main\AndroidManifest.xml:64:23-70
86            </intent-filter>
87
88            <meta-data
88-->src\main\AndroidManifest.xml:67:9-69:36
89                android:name="distractionOptimized"
89-->src\main\AndroidManifest.xml:68:13-48
90                android:value="true" />
90-->src\main\AndroidManifest.xml:69:13-33
91        </activity>
92
93        <service
93-->[androidx.car.app:app-automotive:1.7.0-alpha02] AndroidManifest.xml:34:9-47:19
94            android:name="androidx.car.app.CarAppMetadataHolderService"
94-->[androidx.car.app:app-automotive:1.7.0-alpha02] AndroidManifest.xml:35:13-72
95            android:enabled="false"
95-->[androidx.car.app:app-automotive:1.7.0-alpha02] AndroidManifest.xml:36:13-36
96            android:exported="false"
96-->[androidx.car.app:app-automotive:1.7.0-alpha02] AndroidManifest.xml:37:13-37
97            android:process="" >
97-->[androidx.car.app:app-automotive:1.7.0-alpha02] AndroidManifest.xml:38:13-31
98            <meta-data
98-->[androidx.car.app:app-automotive:1.7.0-alpha02] AndroidManifest.xml:41:13-43:90
99                android:name="androidx.car.app.CarAppMetadataHolderService.CAR_HARDWARE_MANAGER"
99-->[androidx.car.app:app-automotive:1.7.0-alpha02] AndroidManifest.xml:42:17-97
100                android:value="androidx.car.app.hardware.AutomotiveCarHardwareManager" />
100-->[androidx.car.app:app-automotive:1.7.0-alpha02] AndroidManifest.xml:43:17-87
101            <meta-data
101-->[androidx.car.app:app-automotive:1.7.0-alpha02] AndroidManifest.xml:44:13-46:85
102                android:name="androidx.car.app.CarAppMetadataHolderService.RESULT_MANAGER"
102-->[androidx.car.app:app-automotive:1.7.0-alpha02] AndroidManifest.xml:45:17-91
103                android:value="androidx.car.app.activity.ResultManagerAutomotive" />
103-->[androidx.car.app:app-automotive:1.7.0-alpha02] AndroidManifest.xml:46:17-82
104        </service>
105
106        <activity
106-->[androidx.car.app:app:1.7.0-alpha02] AndroidManifest.xml:31:9-34:75
107            android:name="androidx.car.app.CarAppPermissionActivity"
107-->[androidx.car.app:app:1.7.0-alpha02] AndroidManifest.xml:32:13-69
108            android:exported="false"
108-->[androidx.car.app:app:1.7.0-alpha02] AndroidManifest.xml:33:13-37
109            android:theme="@android:style/Theme.Translucent.NoTitleBar" />
109-->[androidx.car.app:app:1.7.0-alpha02] AndroidManifest.xml:34:13-72
110
111        <receiver
111-->[androidx.car.app:app:1.7.0-alpha02] AndroidManifest.xml:36:9-38:40
112            android:name="androidx.car.app.notification.CarAppNotificationBroadcastReceiver"
112-->[androidx.car.app:app:1.7.0-alpha02] AndroidManifest.xml:37:13-93
113            android:exported="false" />
113-->[androidx.car.app:app:1.7.0-alpha02] AndroidManifest.xml:38:13-37
114
115        <provider
115-->[androidx.emoji2:emoji2:1.2.0] AndroidManifest.xml:24:9-32:20
116            android:name="androidx.startup.InitializationProvider"
116-->[androidx.emoji2:emoji2:1.2.0] AndroidManifest.xml:25:13-67
117            android:authorities="com.randstad.poi_restaurants.androidx-startup"
117-->[androidx.emoji2:emoji2:1.2.0] AndroidManifest.xml:26:13-68
118            android:exported="false" >
118-->[androidx.emoji2:emoji2:1.2.0] AndroidManifest.xml:27:13-37
119            <meta-data
119-->[androidx.emoji2:emoji2:1.2.0] AndroidManifest.xml:29:13-31:52
120                android:name="androidx.emoji2.text.EmojiCompatInitializer"
120-->[androidx.emoji2:emoji2:1.2.0] AndroidManifest.xml:30:17-75
121                android:value="androidx.startup" />
121-->[androidx.emoji2:emoji2:1.2.0] AndroidManifest.xml:31:17-49
122            <meta-data
122-->[androidx.lifecycle:lifecycle-process:2.4.1] AndroidManifest.xml:31:13-33:52
123                android:name="androidx.lifecycle.ProcessLifecycleInitializer"
123-->[androidx.lifecycle:lifecycle-process:2.4.1] AndroidManifest.xml:32:17-78
124                android:value="androidx.startup" />
124-->[androidx.lifecycle:lifecycle-process:2.4.1] AndroidManifest.xml:33:17-49
125        </provider>
126    </application>
127
128</manifest>